<?xml version="1.0" encoding="UTF-8"?>
<testng-results ignored="0" total="1" passed="1" failed="0" skipped="0">
  <reporter-output>
  </reporter-output>
  <suite started-at="2023-10-06T20:51:46 IST" name="Default suite" finished-at="2023-10-06T20:52:03 IST" duration-ms="17518">
    <groups>
    </groups>
    <test started-at="2023-10-06T20:51:46 IST" name="Default test" finished-at="2023-10-06T20:52:03 IST" duration-ms="17518">
      <class name="Jenkinsmvnintegration.Sampletestcase$GoogleSearchTest">
        <test-method is-config="true" signature="setUp()[pri:0, instance:Jenkinsmvnintegration.Sampletestcase$GoogleSearchTest@290222c1]" started-at="2023-10-06T20:51:46 IST" name="setUp" finished-at="2023-10-06T20:51:55 IST" duration-ms="9372" status="PASS">
          <reporter-output>
          </reporter-output>
        </test-method> <!-- setUp -->
        <test-method signature="testGoogleSearch()[pri:0, instance:Jenkinsmvnintegration.Sampletestcase$GoogleSearchTest@290222c1]" started-at="2023-10-06T20:51:55 IST" name="testGoogleSearch" finished-at="2023-10-06T20:52:02 IST" duration-ms="6605" status="PASS">
          <reporter-output>
          </reporter-output>
        </test-method> <!-- testGoogleSearch -->
        <test-method is-config="true" signature="tearDown()[pri:0, instance:Jenkinsmvnintegration.Sampletestcase$GoogleSearchTest@290222c1]" started-at="2023-10-06T20:52:02 IST" name="tearDown" finished-at="2023-10-06T20:52:03 IST" duration-ms="1368" status="PASS">
          <reporter-output>
          </reporter-output>
        </test-method> <!-- tearDown -->
      </class> <!-- Jenkinsmvnintegration.Sampletestcase$GoogleSearchTest -->
    </test> <!-- Default test -->
  </suite> <!-- Default suite -->
</testng-results>
